
Showing logs for build [32mcb-kubecd-bdd-spring-1573127904-2hjlw-1[0m stage [32mfrom-build-pack[0m and container [32mstep-credential-initializer-z4qz9[0m
{"level":"warn","ts":1573128632.4362278,"logger":"fallback-logger","caller":"logging/config.go:69","msg":"Fetch GitHub commit ID from kodata failed: \"ref: refs/heads/master\" is not a valid GitHub commit ID"}
{"level":"info","ts":1573128632.439486,"logger":"fallback-logger","caller":"creds-init/main.go:40","msg":"Credentials initialized."}

Showing logs for build [32mcb-kubecd-bdd-spring-1573127904-2hjlw-1[0m stage [32mfrom-build-pack[0m and container [32mstep-working-dir-initializer-9bw9p[0m
{"level":"warn","ts":1573128633.3752468,"logger":"fallback-logger","caller":"logging/config.go:69","msg":"Fetch GitHub commit ID from kodata failed: open /var/run/ko/HEAD: no such file or directory"}
{"level":"info","ts":1573128633.3791115,"logger":"fallback-logger","caller":"bash/main.go:65","msg":"Successfully executed command \"mkdir -p /workspace/source\""}

Showing logs for build [32mcb-kubecd-bdd-spring-1573127904-2hjlw-1[0m stage [32mfrom-build-pack[0m and container [32mstep-place-tools[0m

Showing logs for build [32mcb-kubecd-bdd-spring-1573127904-2hjlw-1[0m stage [32mfrom-build-pack[0m and container [32mstep-git-source-cb-kubecd-bdd-spring-1573127904-2bjhx[0m
{"level":"warn","ts":1573128655.4738522,"logger":"fallback-logger","caller":"logging/config.go:69","msg":"Fetch GitHub commit ID from kodata failed: \"ref: refs/heads/master\" is not a valid GitHub commit ID"}
{"level":"info","ts":1573128656.6651256,"logger":"fallback-logger","caller":"git/git.go:102","msg":"Successfully cloned https://github.com/cb-kubecd/bdd-spring-1573127904.git @ e16056bec2e653e1d561856901f5983fa9f962c9 in path /workspace/source"}

Showing logs for build [32mcb-kubecd-bdd-spring-1573127904-2hjlw-1[0m stage [32mfrom-build-pack[0m and container [32mstep-git-merge[0m
Using SHAs from PULL_REFS=master:77d870376a66ed3d8ec2fcf3832b9cb2ff583201,1:e16056bec2e653e1d561856901f5983fa9f962c9
DEBUG: ran git fetch --unshallow origin e16056bec2e653e1d561856901f5983fa9f962c9: 77d870376a66ed3d8ec2fcf3832b9cb2ff583201: in 
DEBUG: ran git checkout master in 
DEBUG: ran git reset --hard 77d870376a66ed3d8ec2fcf3832b9cb2ff583201 in 
DEBUG: ran clean --force -d . in 
DEBUG: ran git merge e16056bec2e653e1d561856901f5983fa9f962c9 in 
Merged SHA e16056bec2e653e1d561856901f5983fa9f962c9 with commit message 'My first PR commit' into base branch master

Showing logs for build [32mcb-kubecd-bdd-spring-1573127904-2hjlw-1[0m stage [32mfrom-build-pack[0m and container [32mstep-build-set-version[0m
Picked up _JAVA_OPTIONS: -XX:+UnlockExperimentalVMOptions -XX:+UseCGroupMemoryLimitForHeap -Dsun.zip.disableMemoryMapping=true -XX:+UseParallelGC -XX:MinHeapFreeRatio=5 -XX:MaxHeapFreeRatio=10 -XX:GCTimeRatio=4 -XX:AdaptiveSizePolicyWeight=90 -Xms10m -Xmx192m
OpenJDK 64-Bit Server VM warning: If the number of processors is expected to increase from one, then you should configure the number of parallel GC threads appropriately using -XX:ParallelGCThreads=N
[INFO] Scanning for projects...
[INFO] 
[INFO] -----------------< com.example:bdd-spring-1573127904 >------------------
[INFO] Building demo 0.0.1-SNAPSHOT
[INFO] --------------------------------[ jar ]---------------------------------
[INFO] 
[INFO] --- versions-maven-plugin:2.7:set (default-cli) @ bdd-spring-1573127904 ---
[INFO] Searching for local aggregator root...
[INFO] Local aggregation root: /workspace/source
[INFO] Processing change of com.example:bdd-spring-1573127904:0.0.1-SNAPSHOT -> 0.0.0-SNAPSHOT-PR-1-1
[INFO] Processing com.example:bdd-spring-1573127904
[INFO]     Updating project com.example:bdd-spring-1573127904
[INFO]         from version 0.0.1-SNAPSHOT to 0.0.0-SNAPSHOT-PR-1-1
[INFO] 
[INFO] ------------------------------------------------------------------------
[INFO] BUILD SUCCESS
[INFO] ------------------------------------------------------------------------
[INFO] Total time:  26.082 s
[INFO] Finished at: 2019-11-07T12:11:26Z
[INFO] ------------------------------------------------------------------------

Showing logs for build [32mcb-kubecd-bdd-spring-1573127904-2hjlw-1[0m stage [32mfrom-build-pack[0m and container [32mstep-build-mvn-install[0m
Picked up _JAVA_OPTIONS: -XX:+UnlockExperimentalVMOptions -XX:+UseCGroupMemoryLimitForHeap -Dsun.zip.disableMemoryMapping=true -XX:+UseParallelGC -XX:MinHeapFreeRatio=5 -XX:MaxHeapFreeRatio=10 -XX:GCTimeRatio=4 -XX:AdaptiveSizePolicyWeight=90 -Xms10m -Xmx192m
OpenJDK 64-Bit Server VM warning: If the number of processors is expected to increase from one, then you should configure the number of parallel GC threads appropriately using -XX:ParallelGCThreads=N
[INFO] Scanning for projects...
[INFO] 
[INFO] -----------------< com.example:bdd-spring-1573127904 >------------------
[INFO] Building demo 0.0.0-SNAPSHOT-PR-1-1
[INFO] --------------------------------[ jar ]---------------------------------
[INFO] 
[INFO] --- maven-resources-plugin:3.1.0:resources (default-resources) @ bdd-spring-1573127904 ---
[INFO] Using 'UTF-8' encoding to copy filtered resources.
[INFO] Copying 1 resource
[INFO] Copying 0 resource
[INFO] 
[INFO] --- maven-compiler-plugin:3.8.1:compile (default-compile) @ bdd-spring-1573127904 ---
[INFO] Changes detected - recompiling the module!
[INFO] Compiling 1 source file to /workspace/source/target/classes
[INFO] 
[INFO] --- maven-resources-plugin:3.1.0:testResources (default-testResources) @ bdd-spring-1573127904 ---
[INFO] Using 'UTF-8' encoding to copy filtered resources.
[INFO] skip non existing resourceDirectory /workspace/source/src/test/resources
[INFO] 
[INFO] --- maven-compiler-plugin:3.8.1:testCompile (default-testCompile) @ bdd-spring-1573127904 ---
[INFO] Changes detected - recompiling the module!
[INFO] Compiling 1 source file to /workspace/source/target/test-classes
[INFO] 
[INFO] --- maven-surefire-plugin:3.0.0-M1:test (default-test) @ bdd-spring-1573127904 ---
[INFO] 
[INFO] -------------------------------------------------------
[INFO]  T E S T S
[INFO] -------------------------------------------------------
[INFO] Running com.example.bddspring1573127904.DemoApplicationTests
12:11:44.915 [main] DEBUG org.springframework.test.context.BootstrapUtils - Instantiating CacheAwareContextLoaderDelegate from class [org.springframework.test.context.cache.DefaultCacheAwareContextLoaderDelegate]
12:11:44.965 [main] DEBUG org.springframework.test.context.BootstrapUtils - Instantiating BootstrapContext using constructor [public org.springframework.test.context.support.DefaultBootstrapContext(java.lang.Class,org.springframework.test.context.CacheAwareContextLoaderDelegate)]
12:11:45.048 [main] DEBUG org.springframework.test.context.BootstrapUtils - Instantiating TestContextBootstrapper for test class [com.example.bddspring1573127904.DemoApplicationTests] from class [org.springframework.boot.test.context.SpringBootTestContextBootstrapper]
12:11:45.087 [main] INFO org.springframework.boot.test.context.SpringBootTestContextBootstrapper - Neither @ContextConfiguration nor @ContextHierarchy found for test class [com.example.bddspring1573127904.DemoApplicationTests], using SpringBootContextLoader
12:11:45.097 [main] DEBUG org.springframework.test.context.support.AbstractContextLoader - Did not detect default resource location for test class [com.example.bddspring1573127904.DemoApplicationTests]: class path resource [com/example/bddspring1573127904/DemoApplicationTests-context.xml] does not exist
12:11:45.099 [main] DEBUG org.springframework.test.context.support.AbstractContextLoader - Did not detect default resource location for test class [com.example.bddspring1573127904.DemoApplicationTests]: class path resource [com/example/bddspring1573127904/DemoApplicationTestsContext.groovy] does not exist
12:11:45.100 [main] INFO org.springframework.test.context.support.AbstractContextLoader - Could not detect default resource locations for test class [com.example.bddspring1573127904.DemoApplicationTests]: no resource found for suffixes {-context.xml, Context.groovy}.
12:11:45.106 [main] INFO org.springframework.test.context.support.AnnotationConfigContextLoaderUtils - Could not detect default configuration classes for test class [com.example.bddspring1573127904.DemoApplicationTests]: DemoApplicationTests does not declare any static, non-private, non-final, nested classes annotated with @Configuration.
12:11:45.187 [main] DEBUG org.springframework.test.context.support.ActiveProfilesUtils - Could not find an 'annotation declaring class' for annotation type [org.springframework.test.context.ActiveProfiles] and class [com.example.bddspring1573127904.DemoApplicationTests]
12:11:45.321 [main] DEBUG org.springframework.context.annotation.ClassPathScanningCandidateComponentProvider - Identified candidate component class: file [/workspace/source/target/classes/com/example/bddspring1573127904/DemoApplication.class]
12:11:45.325 [main] INFO org.springframework.boot.test.context.SpringBootTestContextBootstrapper - Found @SpringBootConfiguration com.example.bddspring1573127904.DemoApplication for test class com.example.bddspring1573127904.DemoApplicationTests
12:11:45.474 [main] DEBUG org.springframework.boot.test.context.SpringBootTestContextBootstrapper - @TestExecutionListeners is not present for class [com.example.bddspring1573127904.DemoApplicationTests]: using defaults.
12:11:45.479 [main] INFO org.springframework.boot.test.context.SpringBootTestContextBootstrapper - Loaded default TestExecutionListener class names from location [META-INF/spring.factories]: [org.springframework.boot.test.mock.mockito.MockitoTestExecutionListener, org.springframework.boot.test.mock.mockito.ResetMocksTestExecutionListener, org.springframework.boot.test.autoconfigure.restdocs.RestDocsTestExecutionListener, org.springframework.boot.test.autoconfigure.web.client.MockRestServiceServerResetTestExecutionListener, org.springframework.boot.test.autoconfigure.web.servlet.MockMvcPrintOnlyOnFailureTestExecutionListener, org.springframework.boot.test.autoconfigure.web.servlet.WebDriverTestExecutionListener, org.springframework.test.context.web.ServletTestExecutionListener, org.springframework.test.context.support.DirtiesContextBeforeModesTestExecutionListener, org.springframework.test.context.support.DependencyInjectionTestExecutionListener, org.springframework.test.context.support.DirtiesContextTestExecutionListener, org.springframework.test.context.transaction.TransactionalTestExecutionListener, org.springframework.test.context.jdbc.SqlScriptsTestExecutionListener, org.springframework.test.context.event.EventPublishingTestExecutionListener]
12:11:45.511 [main] DEBUG org.springframework.boot.test.context.SpringBootTestContextBootstrapper - Skipping candidate TestExecutionListener [org.springframework.test.context.transaction.TransactionalTestExecutionListener] due to a missing dependency. Specify custom listener classes or make the default listener classes and their required dependencies available. Offending class: [org/springframework/transaction/TransactionDefinition]
12:11:45.512 [main] DEBUG org.springframework.boot.test.context.SpringBootTestContextBootstrapper - Skipping candidate TestExecutionListener [org.springframework.test.context.jdbc.SqlScriptsTestExecutionListener] due to a missing dependency. Specify custom listener classes or make the default listener classes and their required dependencies available. Offending class: [org/springframework/transaction/interceptor/TransactionAttribute]
12:11:45.512 [main] INFO org.springframework.boot.test.context.SpringBootTestContextBootstrapper - Using TestExecutionListeners: [org.springframework.test.context.web.ServletTestExecutionListener@71238fc2, org.springframework.test.context.support.DirtiesContextBeforeModesTestExecutionListener@2a54a73f, org.springframework.boot.test.mock.mockito.MockitoTestExecutionListener@16a0ee18, org.springframework.boot.test.autoconfigure.SpringBootDependencyInjectionTestExecutionListener@3d6f0054, org.springframework.test.context.support.DirtiesContextTestExecutionListener@505fc5a4, org.springframework.test.context.event.EventPublishingTestExecutionListener@5fbdfdcf, org.springframework.boot.test.mock.mockito.ResetMocksTestExecutionListener@4efc180e, org.springframework.boot.test.autoconfigure.restdocs.RestDocsTestExecutionListener@bd4dc25, org.springframework.boot.test.autoconfigure.web.client.MockRestServiceServerResetTestExecutionListener@25084a1e, org.springframework.boot.test.autoconfigure.web.servlet.MockMvcPrintOnlyOnFailureTestExecutionListener@156b88f5, org.springframework.boot.test.autoconfigure.web.servlet.WebDriverTestExecutionListener@3bf9ce3e]
12:11:45.518 [main] DEBUG org.springframework.test.context.support.AbstractDirtiesContextTestExecutionListener - Before test class: context [DefaultTestContext@56cdfb3b testClass = DemoApplicationTests, testInstance = [null], testMethod = [null], testException = [null], mergedContextConfiguration = [WebMergedContextConfiguration@2b91004a testClass = DemoApplicationTests, locations = '{}', classes = '{class com.example.bddspring1573127904.DemoApplication}', contextInitializerClasses = '[]', activeProfiles = '{}', propertySourceLocations = '{}', propertySourceProperties = '{org.springframework.boot.test.context.SpringBootTestContextBootstrapper=true}', contextCustomizers = set[org.springframework.boot.test.context.filter.ExcludeFilterContextCustomizer@769e7ee8, org.springframework.boot.test.json.DuplicateJsonObjectContextCustomizerFactory$DuplicateJsonObjectContextCustomizer@6193932a, org.springframework.boot.test.mock.mockito.MockitoContextCustomizer@0, org.springframework.boot.test.web.client.TestRestTemplateContextCustomizer@4b5a5ed1, org.springframework.boot.test.autoconfigure.properties.PropertyMappingContextCustomizer@0, org.springframework.boot.test.autoconfigure.web.servlet.WebDriverContextCustomizerFactory$Customizer@7880cdf3], resourceBasePath = 'src/main/webapp', contextLoader = 'org.springframework.boot.test.context.SpringBootContextLoader', parent = [null]], attributes = map['org.springframework.test.context.web.ServletTestExecutionListener.activateListener' -> true]], class annotated with @DirtiesContext [false] with mode [null].
12:11:45.644 [main] DEBUG org.springframework.test.context.support.TestPropertySourceUtils - Adding inlined properties to environment: {spring.jmx.enabled=false, org.springframework.boot.test.context.SpringBootTestContextBootstrapper=true, server.port=-1}

  .   ____          _            __ _ _
 /\\ / ___'_ __ _ _(_)_ __  __ _ \ \ \ \
( ( )\___ | '_ | '_| | '_ \/ _` | \ \ \ \
 \\/  ___)| |_)| | | | | || (_| |  ) ) ) )
  '  |____| .__|_| |_|_| |_\__, | / / / /
 =========|_|==============|___/=/_/_/_/
 :: Spring Boot ::        (v2.2.1.RELEASE)

2019-11-07 12:11:46.251  INFO 62 --- [           main] c.e.b.DemoApplicationTests               : Starting DemoApplicationTests on cb-kubecd-bdd-spring-1573127904-2hjlw-1-from-build-pack-tlbpx-p with PID 62 (started by root in /workspace/source)
2019-11-07 12:11:46.263  INFO 62 --- [           main] c.e.b.DemoApplicationTests               : No active profile set, falling back to default profiles: default
2019-11-07 12:11:50.816  INFO 62 --- [           main] o.s.s.concurrent.ThreadPoolTaskExecutor  : Initializing ExecutorService 'applicationTaskExecutor'
2019-11-07 12:11:52.078  INFO 62 --- [           main] o.s.b.a.e.web.EndpointLinksResolver      : Exposing 2 endpoint(s) beneath base path '/actuator'
2019-11-07 12:11:52.209  INFO 62 --- [           main] c.e.b.DemoApplicationTests               : Started DemoApplicationTests in 6.529 seconds (JVM running for 8.478)
[INFO] Tests run: 1, Failures: 0, Errors: 0, Skipped: 0, Time elapsed: 7.89 s - in com.example.bddspring1573127904.DemoApplicationTests
2019-11-07 12:11:52.905  INFO 62 --- [extShutdownHook] o.s.s.concurrent.ThreadPoolTaskExecutor  : Shutting down ExecutorService 'applicationTaskExecutor'
[INFO] 
[INFO] Results:
[INFO] 
[INFO] Tests run: 1, Failures: 0, Errors: 0, Skipped: 0
[INFO] 
[INFO] 
[INFO] --- maven-jar-plugin:3.1.2:jar (default-jar) @ bdd-spring-1573127904 ---
[INFO] Building jar: /workspace/source/target/bdd-spring-1573127904-0.0.0-SNAPSHOT-PR-1-1.jar
[INFO] 
[INFO] --- spring-boot-maven-plugin:2.2.1.RELEASE:repackage (repackage) @ bdd-spring-1573127904 ---
[INFO] Replacing main artifact with repackaged archive
[INFO] 
[INFO] --- maven-install-plugin:2.5.2:install (default-install) @ bdd-spring-1573127904 ---
[INFO] Installing /workspace/source/target/bdd-spring-1573127904-0.0.0-SNAPSHOT-PR-1-1.jar to /home/jenkins/.mvnrepository/com/example/bdd-spring-1573127904/0.0.0-SNAPSHOT-PR-1-1/bdd-spring-1573127904-0.0.0-SNAPSHOT-PR-1-1.jar
[INFO] Installing /workspace/source/pom.xml to /home/jenkins/.mvnrepository/com/example/bdd-spring-1573127904/0.0.0-SNAPSHOT-PR-1-1/bdd-spring-1573127904-0.0.0-SNAPSHOT-PR-1-1.pom
[INFO] ------------------------------------------------------------------------
[INFO] BUILD SUCCESS
[INFO] ------------------------------------------------------------------------
[INFO] Total time:  29.960 s
[INFO] Finished at: 2019-11-07T12:11:59Z
[INFO] ------------------------------------------------------------------------

Showing logs for build [32mcb-kubecd-bdd-spring-1573127904-2hjlw-1[0m stage [32mfrom-build-pack[0m and container [32mstep-build-skaffold-version[0m
v0.38.0

Showing logs for build [32mcb-kubecd-bdd-spring-1573127904-2hjlw-1[0m stage [32mfrom-build-pack[0m and container [32mstep-build-container-build[0m
[36mINFO[0m[0000] Downloading base image openjdk:8-jdk-slim    
ERROR: logging before flag.Parse: E1107 12:12:01.947197      11 metadata.go:142] while reading 'google-dockercfg' metadata: http status code: 404 while fetching url http://metadata.google.internal./computeMetadata/v1/instance/attributes/google-dockercfg
ERROR: logging before flag.Parse: E1107 12:12:01.959024      11 metadata.go:159] while reading 'google-dockercfg-url' metadata: http status code: 404 while fetching url http://metadata.google.internal./computeMetadata/v1/instance/attributes/google-dockercfg-url
2019/11/07 12:12:01 No matching credentials were found, falling back on anonymous
[36mINFO[0m[0001] Error while retrieving image from cache: getting file info: stat /workspace/sha256:2f75fd4d652d8a4730b0e4ebbc9609e019283536e63aab95d30fb7c7f8d444fb: no such file or directory 
[36mINFO[0m[0001] Downloading base image openjdk:8-jdk-slim    
2019/11/07 12:12:03 No matching credentials were found, falling back on anonymous
[36mINFO[0m[0002] cmd: EXPOSE                                  
[36mINFO[0m[0002] Adding exposed port: 8080/tcp                
[36mINFO[0m[0002] Using files from context: [/workspace/source/pom.xml] 
[36mINFO[0m[0002] Using files from context: [/workspace/source/target/bdd-spring-1573127904-0.0.0-SNAPSHOT-PR-1-1.jar] 
[36mINFO[0m[0002] Skipping unpacking as no commands require it. 
[36mINFO[0m[0002] Taking snapshot of full filesystem...        
[36mINFO[0m[0002] ENV PORT 8080                                
[36mINFO[0m[0002] No files changed in this command, skipping snapshotting. 
[36mINFO[0m[0002] ENV CLASSPATH /opt/lib                       
[36mINFO[0m[0002] No files changed in this command, skipping snapshotting. 
[36mINFO[0m[0002] EXPOSE 8080                                  
[36mINFO[0m[0002] cmd: EXPOSE                                  
[36mINFO[0m[0002] Adding exposed port: 8080/tcp                
[36mINFO[0m[0002] No files changed in this command, skipping snapshotting. 
[36mINFO[0m[0002] Using files from context: [/workspace/source/pom.xml] 
[36mINFO[0m[0002] COPY pom.xml target/lib* /opt/lib/           
[36mINFO[0m[0002] Taking snapshot of files...                  
[36mINFO[0m[0002] Using files from context: [/workspace/source/target/bdd-spring-1573127904-0.0.0-SNAPSHOT-PR-1-1.jar] 
[36mINFO[0m[0002] COPY target/*.jar /opt/app.jar               
[36mINFO[0m[0002] Taking snapshot of files...                  
[36mINFO[0m[0002] WORKDIR /opt                                 
[36mINFO[0m[0002] cmd: workdir                                 
[36mINFO[0m[0002] Changed working directory to /opt            
[36mINFO[0m[0002] No files changed in this command, skipping snapshotting. 
[36mINFO[0m[0002] CMD ["java", "-XX:+UnlockExperimentalVMOptions", "-XX:+UseCGroupMemoryLimitForHeap", "-jar", "app.jar"] 
[36mINFO[0m[0002] No files changed in this command, skipping snapshotting. 
2019/11/07 12:12:04 existing blob: sha256:3da6fe7ff2ef0f58119eb2e8cb12c5c0b471527be95d43274b396f36fc5bbccd
2019/11/07 12:12:04 existing blob: sha256:740864fcc29dcd68c386fc2893b1fe5bf974e361523cb7cd32dd706fcfa93d82
2019/11/07 12:12:04 existing blob: sha256:8d691f585fa8cec0eba196be460cfaffd69939782d6162986c3e0c5225d54f02
2019/11/07 12:12:04 existing blob: sha256:02c32ad92c0d8181bc1743181730c576205286effbb08239f8f613acda6d4889
2019/11/07 12:12:08 pushed blob: sha256:efd32d80c35109b1abfa78d4bb7ecd543a64ea2df52b0221d326948ea75232b5
2019/11/07 12:12:09 pushed blob: sha256:475331c0ea57afe162e0a7057a8e6a61fa00148f7b2977e70a4d0ee4508cf0bc
2019/11/07 12:12:10 pushed blob: sha256:69eda32c6df40d028eabd33bd440ce9714a52b16b183fe334a9c68867d16f26e
2019/11/07 12:12:12 gcr.io/jenkins-x-bdd3/bdd-spring-1573127904:0.0.0-SNAPSHOT-PR-1-1: digest: sha256:551ca110547a661057702245a517cbc12ed16e6d70cc226eabd9abfb58c047e3 size: 1244

Showing logs for build [32mcb-kubecd-bdd-spring-1573127904-2hjlw-1[0m stage [32mfrom-build-pack[0m and container [32mstep-postbuild-post-build[0m
no CVE provider running in the current ** namespace so skip adding image to be analysed

Showing logs for build [32mcb-kubecd-bdd-spring-1573127904-2hjlw-1[0m stage [32mfrom-build-pack[0m and container [32mstep-promote-make-preview[0m
sed -i -e "s/version:.*/version: 0.0.0-SNAPSHOT-PR-1-1/" Chart.yaml
sed -i -e "s/version:.*/version: 0.0.0-SNAPSHOT-PR-1-1/" ../*/Chart.yaml
sed -i -e "s|repository:.*|repository: gcr.io\/jenkins-x-bdd3\/bdd-spring-1573127904|" values.yaml
sed -i -e "s/tag:.*/tag: 0.0.0-SNAPSHOT-PR-1-1/" values.yaml
echo "  version: 0.0.0-SNAPSHOT-PR-1-1" >> requirements.yaml
** step helm build
WARNING: No $CHART_REPOSITORY defined so using the default value of: http://jenkins-x-chartmuseum:8080
Adding missing Helm repo: storage.googleapis.com https://storage.googleapis.com/chartmuseum.jenkins-x.io
Read credentials for https://storage.googleapis.com/chartmuseum.jenkins-x.io from vault helm/repos
Successfully added Helm repository storage.googleapis.com.
Adding missing Helm repo: jenkins-x-chartmuseum http://jenkins-x-chartmuseum:8080
Read credentials for http://jenkins-x-chartmuseum:8080 from vault helm/repos
Successfully added Helm repository jenkins-x-chartmuseum.
WARNING: No $CHART_REPOSITORY defined so using the default value of: http://jenkins-x-chartmuseum:8080
Adding missing Helm repo: chartmuseum.jenkins-x.io http://chartmuseum.jenkins-x.io
Read credentials for http://chartmuseum.jenkins-x.io from vault helm/repos
Successfully added Helm repository chartmuseum.jenkins-x.io.

Showing logs for build [32mcb-kubecd-bdd-spring-1573127904-2hjlw-1[0m stage [32mfrom-build-pack[0m and container [32mstep-promote-jx-preview[0m
Creating a preview
WARNING: No author for commit: e16056bec2e653e1d561856901f5983fa9f962c9
Created environment cb-kubecd-bdd-spring-1573127904-pr-1
Namespace **-cb-kubecd-bdd-spring-1573127904-pr-1 created 
expose:
  Annotations:
    helm.sh/hook: post-install,post-upgrade
    helm.sh/hook-delete-policy: hook-succeeded
  config:
    domain: c**d11.bdd.jenkins-x.rocks
    exposer: Ingress
    http: "true"
preview:
  image:
    repository: gcr.io/jenkins-x-bdd3/bdd-spring-1573127904
    tag: 0.0.0-SNAPSHOT-PR-1-1
Deleting and cloning the Jenkins X versions repo
Cloning the Jenkins X versions repo https://github.com/cloudbees/cloudbees-jenkins-x-versions.git with revision deceea22197c33c62b454171b1ad4a0df0c54c54 to /builder/home/.**/jenkins-x-versions
From https://github.com/cloudbees/cloudbees-jenkins-x-versions
 * branch            deceea22197c33c62b454171b1ad4a0df0c54c54 -> FETCH_HEAD


Updating PipelineActivities cb-kubecd-bdd-spring-1573127904-pr-1-1 which has status Running
WARNING: preview application http://bdd-spring-1573127904.**-cb-kubecd-bdd-spring-1573127904-pr-1.c**d11.bdd.jenkins-x.rocks not available, error was Get http://bdd-spring-1573127904.**-cb-kubecd-bdd-spring-1573127904-pr-1.c**d11.bdd.jenkins-x.rocks: dial tcp: lookup bdd-spring-1573127904.**-cb-kubecd-bdd-spring-1573127904-pr-1.c**d11.bdd.jenkins-x.rocks on 10.27.240.10:53: no such host, delaying for: 1.050146921s
WARNING: preview application http://bdd-spring-1573127904.**-cb-kubecd-bdd-spring-1573127904-pr-1.c**d11.bdd.jenkins-x.rocks not available, error was Get http://bdd-spring-1573127904.**-cb-kubecd-bdd-spring-1573127904-pr-1.c**d11.bdd.jenkins-x.rocks: dial tcp: lookup bdd-spring-1573127904.**-cb-kubecd-bdd-spring-1573127904-pr-1.c**d11.bdd.jenkins-x.rocks on 10.27.240.10:53: no such host, delaying for: 2.123731972s
WARNING: preview application http://bdd-spring-1573127904.**-cb-kubecd-bdd-spring-1573127904-pr-1.c**d11.bdd.jenkins-x.rocks not available, error was Get http://bdd-spring-1573127904.**-cb-kubecd-bdd-spring-1573127904-pr-1.c**d11.bdd.jenkins-x.rocks: dial tcp: lookup bdd-spring-1573127904.**-cb-kubecd-bdd-spring-1573127904-pr-1.c**d11.bdd.jenkins-x.rocks on 10.27.240.10:53: no such host, delaying for: 2.458403445s
WARNING: preview application http://bdd-spring-1573127904.**-cb-kubecd-bdd-spring-1573127904-pr-1.c**d11.bdd.jenkins-x.rocks not available, error was Get http://bdd-spring-1573127904.**-cb-kubecd-bdd-spring-1573127904-pr-1.c**d11.bdd.jenkins-x.rocks: dial tcp: lookup bdd-spring-1573127904.**-cb-kubecd-bdd-spring-1573127904-pr-1.c**d11.bdd.jenkins-x.rocks on 10.27.240.10:53: no such host, delaying for: 3.806441792s
WARNING: preview application http://bdd-spring-1573127904.**-cb-kubecd-bdd-spring-1573127904-pr-1.c**d11.bdd.jenkins-x.rocks not available, error was Get http://bdd-spring-1573127904.**-cb-kubecd-bdd-spring-1573127904-pr-1.c**d11.bdd.jenkins-x.rocks: dial tcp: lookup bdd-spring-1573127904.**-cb-kubecd-bdd-spring-1573127904-pr-1.c**d11.bdd.jenkins-x.rocks on 10.27.240.10:53: no such host, delaying for: 6.567118239s
WARNING: preview application http://bdd-spring-1573127904.**-cb-kubecd-bdd-spring-1573127904-pr-1.c**d11.bdd.jenkins-x.rocks not available, error was Get http://bdd-spring-1573127904.**-cb-kubecd-bdd-spring-1573127904-pr-1.c**d11.bdd.jenkins-x.rocks: dial tcp: lookup bdd-spring-1573127904.**-cb-kubecd-bdd-spring-1573127904-pr-1.c**d11.bdd.jenkins-x.rocks on 10.27.240.10:53: no such host, delaying for: 6.190486398s
WARNING: preview application http://bdd-spring-1573127904.**-cb-kubecd-bdd-spring-1573127904-pr-1.c**d11.bdd.jenkins-x.rocks not available, error was Get http://bdd-spring-1573127904.**-cb-kubecd-bdd-spring-1573127904-pr-1.c**d11.bdd.jenkins-x.rocks: dial tcp: lookup bdd-spring-1573127904.**-cb-kubecd-bdd-spring-1573127904-pr-1.c**d11.bdd.jenkins-x.rocks on 10.27.240.10:53: no such host, delaying for: 5.84140762s
WARNING: preview application http://bdd-spring-1573127904.**-cb-kubecd-bdd-spring-1573127904-pr-1.c**d11.bdd.jenkins-x.rocks not available, error was Get http://bdd-spring-1573127904.**-cb-kubecd-bdd-spring-1573127904-pr-1.c**d11.bdd.jenkins-x.rocks: dial tcp: lookup bdd-spring-1573127904.**-cb-kubecd-bdd-spring-1573127904-pr-1.c**d11.bdd.jenkins-x.rocks on 10.27.240.10:53: no such host, delaying for: 14.204706135s
WARNING: preview application http://bdd-spring-1573127904.**-cb-kubecd-bdd-spring-1573127904-pr-1.c**d11.bdd.jenkins-x.rocks not available, error was Get http://bdd-spring-1573127904.**-cb-kubecd-bdd-spring-1573127904-pr-1.c**d11.bdd.jenkins-x.rocks: dial tcp: lookup bdd-spring-1573127904.**-cb-kubecd-bdd-spring-1573127904-pr-1.c**d11.bdd.jenkins-x.rocks on 10.27.240.10:53: no such host, delaying for: 37.773980375s
WARNING: preview application http://bdd-spring-1573127904.**-cb-kubecd-bdd-spring-1573127904-pr-1.c**d11.bdd.jenkins-x.rocks not available, error was Get http://bdd-spring-1573127904.**-cb-kubecd-bdd-spring-1573127904-pr-1.c**d11.bdd.jenkins-x.rocks: dial tcp: lookup bdd-spring-1573127904.**-cb-kubecd-bdd-spring-1573127904-pr-1.c**d11.bdd.jenkins-x.rocks on 10.27.240.10:53: no such host, delaying for: 55.738381144s
WARNING: preview application http://bdd-spring-1573127904.**-cb-kubecd-bdd-spring-1573127904-pr-1.c**d11.bdd.jenkins-x.rocks not available, error was Get http://bdd-spring-1573127904.**-cb-kubecd-bdd-spring-1573127904-pr-1.c**d11.bdd.jenkins-x.rocks: dial tcp: lookup bdd-spring-1573127904.**-cb-kubecd-bdd-spring-1573127904-pr-1.c**d11.bdd.jenkins-x.rocks on 10.27.240.10:53: no such host, delaying for: 1m4.921413071s
WARNING: preview application http://bdd-spring-1573127904.**-cb-kubecd-bdd-spring-1573127904-pr-1.c**d11.bdd.jenkins-x.rocks not available, error was Get http://bdd-spring-1573127904.**-cb-kubecd-bdd-spring-1573127904-pr-1.c**d11.bdd.jenkins-x.rocks: dial tcp: lookup bdd-spring-1573127904.**-cb-kubecd-bdd-spring-1573127904-pr-1.c**d11.bdd.jenkins-x.rocks on 10.27.240.10:53: no such host, delaying for: 1m15.104434734s
WARNING: preview application http://bdd-spring-1573127904.**-cb-kubecd-bdd-spring-1573127904-pr-1.c**d11.bdd.jenkins-x.rocks not available, error was Get http://bdd-spring-1573127904.**-cb-kubecd-bdd-spring-1573127904-pr-1.c**d11.bdd.jenkins-x.rocks: dial tcp: lookup bdd-spring-1573127904.**-cb-kubecd-bdd-spring-1573127904-pr-1.c**d11.bdd.jenkins-x.rocks on 10.27.240.10:53: no such host, delaying for: 48.630616573s
Preview application is now available at: http://bdd-spring-1573127904.**-cb-kubecd-bdd-spring-1573127904-pr-1.c**d11.bdd.jenkins-x.rocks
